TN:
SF:src/controllers/PolymorphicController.js
FN:13,<instance_members_initializer>
FN:16,PolymorphicController
FN:27,setEndpoints
FN:31,getAllThings
FN:42,getThingById
FN:52,addThing
FN:63,updateThing
FN:76,deleteThing
FN:87,#sendResult
FN:100,#validateInput
FNF:10
FNH:9
FNDA:1,<instance_members_initializer>
FNDA:1,PolymorphicController
FNDA:0,setEndpoints
FNDA:1,getAllThings
FNDA:3,getThingById
FNDA:2,addThing
FNDA:2,updateThing
FNDA:2,deleteThing
FNDA:6,#sendResult
FNDA:10,#validateInput
DA:1,1
DA:2,1
DA:3,1
DA:4,1
DA:5,1
DA:6,1
DA:7,1
DA:8,1
DA:9,1
DA:10,1
DA:11,1
DA:12,1
DA:13,1
DA:14,1
DA:15,1
DA:16,1
DA:17,1
DA:18,1
DA:19,1
DA:20,1
DA:21,1
DA:22,1
DA:23,1
DA:24,1
DA:25,1
DA:26,1
DA:27,1
DA:28,0
DA:29,0
DA:30,1
DA:31,1
DA:32,1
DA:33,1
DA:34,1
DA:35,1
DA:36,1
DA:37,0
DA:38,0
DA:39,1
DA:40,1
DA:41,1
DA:42,1
DA:43,3
DA:44,3
DA:45,3
DA:46,2
DA:47,2
DA:48,2
DA:49,2
DA:50,3
DA:51,1
DA:52,1
DA:53,2
DA:54,2
DA:55,2
DA:56,1
DA:57,1
DA:58,1
DA:59,1
DA:60,1
DA:61,2
DA:62,1
DA:63,1
DA:64,2
DA:65,2
DA:66,2
DA:67,1
DA:68,1
DA:69,1
DA:70,1
DA:71,1
DA:72,1
DA:73,2
DA:74,1
DA:75,1
DA:76,1
DA:77,2
DA:78,2
DA:79,2
DA:80,1
DA:81,1
DA:82,1
DA:83,1
DA:84,1
DA:85,2
DA:86,1
DA:87,1
DA:88,6
DA:89,6
DA:90,6
DA:91,6
DA:92,1
DA:93,1
DA:94,1
DA:95,1
DA:96,1
DA:97,1
DA:98,1
DA:99,1
DA:100,1
DA:101,10
DA:102,10
DA:103,10
DA:104,10
DA:105,10
DA:106,5
DA:107,5
DA:108,2
DA:109,2
DA:110,2
DA:111,2
DA:112,3
DA:113,10
DA:114,10
DA:115,5
DA:116,4
DA:117,4
DA:118,4
DA:119,5
DA:120,5
DA:121,2
DA:122,2
DA:123,2
DA:124,2
DA:125,10
DA:126,0
DA:127,0
DA:128,10
DA:129,5
DA:130,10
DA:131,1
DA:132,1
DA:133,1
LF:133
LH:127
BRDA:1,0,0,1
BRDA:13,1,0,1
BRDA:16,2,0,1
BRDA:31,3,0,1
BRDA:35,4,0,1
BRDA:42,5,0,3
BRDA:45,6,0,1
BRDA:46,7,0,2
BRDA:48,8,0,2
BRDA:52,9,0,2
BRDA:55,10,0,1
BRDA:59,11,0,1
BRDA:63,12,0,2
BRDA:66,13,0,1
BRDA:71,14,0,1
BRDA:76,15,0,2
BRDA:79,16,0,1
BRDA:83,17,0,1
BRDA:87,18,0,6
BRDA:89,19,0,1
BRDA:90,20,0,5
BRDA:100,21,0,10
BRDA:105,22,0,5
BRDA:107,23,0,2
BRDA:112,24,0,3
BRDA:113,25,0,5
BRDA:114,26,0,5
BRDA:115,27,0,1
BRDA:115,28,0,4
BRDA:119,29,0,2
BRDA:120,30,0,2
BRDA:125,31,0,0
BRDA:129,32,0,5
BRF:33
BRH:32
end_of_record
TN:
SF:src/dao/PoiymorphicOracleDBDao.js
FN:12,getAllThings
FN:28,getThing
FN:49,addThing
FN:65,updateThing
FN:82,deleteThing
FN:97,#countRows
FNF:6
FNH:6
FNDA:8,getAllThings
FNDA:4,getThing
FNDA:1,addThing
FNDA:1,updateThing
FNDA:1,deleteThing
FNDA:3,#countRows
DA:1,1
DA:2,1
DA:3,1
DA:4,1
DA:5,1
DA:6,1
DA:7,1
DA:8,1
DA:9,1
DA:10,1
DA:11,1
DA:12,1
DA:13,8
DA:14,8
DA:15,8
DA:16,8
DA:17,8
DA:18,0
DA:19,0
DA:20,8
DA:21,8
DA:22,1
DA:23,1
DA:24,1
DA:25,1
DA:26,1
DA:27,1
DA:28,1
DA:29,4
DA:30,4
DA:31,4
DA:32,4
DA:33,4
DA:34,2
DA:35,2
DA:36,2
DA:37,4
DA:38,4
DA:39,2
DA:40,2
DA:41,4
DA:42,4
DA:43,1
DA:44,1
DA:45,1
DA:46,1
DA:47,1
DA:48,1
DA:49,1
DA:50,1
DA:51,1
DA:52,1
DA:53,1
DA:54,1
DA:55,1
DA:56,1
DA:57,1
DA:58,1
DA:59,1
DA:60,1
DA:61,1
DA:62,1
DA:63,1
DA:64,1
DA:65,1
DA:66,1
DA:67,1
DA:68,1
DA:69,1
DA:70,1
DA:71,1
DA:72,1
DA:73,1
DA:74,1
DA:75,1
DA:76,1
DA:77,1
DA:78,1
DA:79,1
DA:80,1
DA:81,1
DA:82,1
DA:83,1
DA:84,1
DA:85,1
DA:86,1
DA:87,1
DA:88,0
DA:89,1
DA:90,1
DA:91,1
DA:92,1
DA:93,1
DA:94,1
DA:95,1
DA:96,1
DA:97,1
DA:98,3
DA:99,3
DA:100,3
DA:101,3
DA:102,3
DA:103,3
DA:104,3
DA:105,3
DA:106,1
DA:107,1
DA:108,1
DA:109,1
LF:109
LH:106
BRDA:1,0,0,1
BRDA:12,1,0,8
BRDA:16,2,0,8
BRDA:16,3,0,24
BRDA:28,4,0,4
BRDA:33,5,0,2
BRDA:35,6,0,1
BRDA:36,7,0,1
BRDA:38,8,0,2
BRDA:49,9,0,1
BRDA:52,10,0,4
BRDA:56,11,0,1
BRDA:65,12,0,1
BRDA:68,13,0,4
BRDA:73,14,0,1
BRDA:82,15,0,1
BRDA:86,16,0,1
BRDA:97,17,0,3
BRDA:104,18,0,0
BRDA:98,19,0,3
BRF:20
BRH:19
end_of_record
TN:
SF:src/models/DataTypesEnum.js
FN:10,getClassFromDataType
FNF:1
FNH:1
FNDA:22,getClassFromDataType
DA:1,1
DA:2,1
DA:3,1
DA:4,1
DA:5,1
DA:6,1
DA:7,1
DA:8,1
DA:9,1
DA:10,1
DA:11,22
DA:12,22
DA:13,22
DA:14,15
DA:15,15
DA:16,22
DA:17,0
DA:18,0
DA:19,22
DA:20,7
DA:21,22
DA:22,22
DA:23,22
DA:24,1
DA:25,1
DA:26,1
DA:27,1
LF:27
LH:25
BRDA:1,0,0,1
BRDA:10,1,0,22
BRDA:13,2,0,15
BRDA:16,3,0,0
BRDA:19,4,0,7
BRF:5
BRH:4
end_of_record
TN:
SF:src/models/Super.js
FN:1,<instance_members_initializer>
FN:5,Super
FN:10,get id
FN:14,set id
FN:18,get name
FN:22,set name
FNF:6
FNH:2
FNDA:46,<instance_members_initializer>
FNDA:46,Super
FNDA:0,get id
FNDA:0,set id
FNDA:0,get name
FNDA:0,set name
DA:1,46
DA:2,46
DA:3,46
DA:4,46
DA:5,46
DA:6,46
DA:7,46
DA:8,46
DA:9,46
DA:10,46
DA:11,0
DA:12,0
DA:13,46
DA:14,46
DA:15,0
DA:16,0
DA:17,46
DA:18,46
DA:19,0
DA:20,0
DA:21,46
DA:22,46
DA:23,0
DA:24,0
DA:25,46
DA:26,1
DA:27,1
LF:27
LH:19
BRDA:1,0,0,1
BRDA:1,1,0,46
BRDA:5,2,0,46
BRF:3
BRH:3
end_of_record
TN:
SF:src/models/Thing.js
FN:3,<instance_members_initializer>
FN:6,Thing
FN:13,getId
FN:17,setId
FN:21,getName
FN:25,setName
FN:29,getT_size
FN:33,setSize
FN:37,getWeight
FN:41,setWeight
FN:45,toString
FNF:11
FNH:5
FNDA:46,<instance_members_initializer>
FNDA:46,Thing
FNDA:19,getId
FNDA:0,setId
FNDA:19,getName
FNDA:0,setName
FNDA:0,getT_size
FNDA:0,setSize
FNDA:0,getWeight
FNDA:0,setWeight
FNDA:19,toString
DA:1,1
DA:2,1
DA:3,46
DA:4,46
DA:5,46
DA:6,46
DA:7,46
DA:8,46
DA:9,46
DA:10,46
DA:11,46
DA:12,46
DA:13,46
DA:14,19
DA:15,19
DA:16,46
DA:17,46
DA:18,0
DA:19,0
DA:20,46
DA:21,46
DA:22,19
DA:23,19
DA:24,46
DA:25,46
DA:26,0
DA:27,0
DA:28,46
DA:29,46
DA:30,0
DA:31,0
DA:32,46
DA:33,46
DA:34,0
DA:35,0
DA:36,46
DA:37,46
DA:38,0
DA:39,0
DA:40,46
DA:41,46
DA:42,0
DA:43,0
DA:44,46
DA:45,46
DA:46,19
DA:47,19
DA:48,46
DA:49,1
DA:50,1
LF:50
LH:38
BRDA:1,0,0,1
BRDA:3,1,0,46
BRDA:6,2,0,46
BRDA:13,3,0,19
BRDA:21,4,0,19
BRDA:45,5,0,19
BRF:6
BRH:6
end_of_record
TN:
SF:src/models/Wings.js
FN:3,<instance_members_initializer>
FNF:1
FNH:0
FNDA:0,<instance_members_initializer>
DA:1,1
DA:2,1
DA:3,0
DA:4,0
DA:5,0
DA:6,0
DA:7,0
DA:8,0
DA:9,0
DA:10,0
DA:11,0
DA:12,0
DA:13,0
DA:14,0
DA:15,0
DA:16,0
DA:17,0
DA:18,0
DA:19,1
DA:20,1
LF:20
LH:4
BRDA:2,0,0,1
BRDA:3,1,0,0
BRF:2
BRH:1
end_of_record
TN:
SF:src/utils/OracleSQLUtility.js
FN:9,<instance_members_initializer>
FN:25,query
FN:48,transaction
FNF:3
FNH:3
FNDA:1,<instance_members_initializer>
FNDA:12,query
FNDA:31,transaction
DA:1,1
DA:2,1
DA:3,1
DA:4,1
DA:5,1
DA:6,1
DA:7,1
DA:8,1
DA:9,1
DA:10,1
DA:11,1
DA:12,1
DA:13,1
DA:14,1
DA:15,1
DA:16,1
DA:17,1
DA:18,1
DA:19,1
DA:20,1
DA:21,1
DA:22,1
DA:23,1
DA:24,1
DA:25,1
DA:26,12
DA:27,12
DA:28,12
DA:29,10
DA:30,10
DA:31,12
DA:32,2
DA:33,2
DA:34,2
DA:35,12
DA:36,1
DA:37,1
DA:38,1
DA:39,1
DA:40,1
DA:41,1
DA:42,1
DA:43,1
DA:44,1
DA:45,1
DA:46,1
DA:47,1
DA:48,1
DA:49,31
DA:50,31
DA:51,31
DA:52,31
DA:53,31
DA:54,31
DA:55,124
DA:56,124
DA:57,124
DA:58,31
DA:59,31
DA:60,31
DA:61,0
DA:62,0
DA:63,0
DA:64,0
DA:65,31
DA:66,31
DA:67,31
DA:68,31
DA:69,31
DA:70,31
DA:71,1
DA:72,1
DA:73,1
LF:73
LH:69
BRDA:1,0,0,1
BRDA:9,1,0,1
BRDA:25,2,0,12
BRDA:29,3,0,10
BRDA:31,4,0,2
BRDA:48,5,0,31
BRDA:60,6,0,0
BRDA:54,7,0,124
BRF:8
BRH:7
end_of_record
